<?xml version="1.0" encoding="UTF-8"?>
<testsuite xmlns:xsi="http://www.w3.org/2001/XMLSchema-instance" xsi:noNamespaceSchemaLocation="https://maven.apache.org/surefire/maven-surefire-plugin/xsd/surefire-test-report.xsd" name="com.my.util.UtilFunctionsTest" time="0.032" tests="9" errors="0" skipped="0" failures="0">
  <properties>
[...]
</properties>
  <testcase name="getStartDate" classname="com.my.util.UtilFunctionsTest" time="0"/>
  <testcase name="getEndDate" classname="com.my.util.UtilFunctionsTest" time="0"/>
  <testcase name="getCurrentDate" classname="com.my.util.UtilFunctionsTest" time="0"/>
  <testcase name="testFindTotalCost1{double, double}[1]" classname="com.my.util.UtilFunctionsTest" time="0"/>
  <testcase name="testFindTotalCost1{double, double}[2]" classname="com.my.util.UtilFunctionsTest" time="0"/>
  <testcase name="testFindTotalCost2{double, double, double}[1]" classname="com.my.util.UtilFunctionsTest" time="0"/>
  <testcase name="testFindTotalCost2{double, double, double}[2]" classname="com.my.util.UtilFunctionsTest" time="0"/>
  <testcase name="testFindTotalCost3{double, double, double, double}[1]" classname="com.my.util.UtilFunctionsTest" time="0"/>
  <testcase name="testFindTotalCost3{double, double, double, double}[2]" classname="com.my.util.UtilFunctionsTest" time="0"/>
</testsuite>